{"/Users/atilla/Developer/ZB/SDKs/zero-bounce-javascript/src/index.js": {"path":"/Users/atilla/Developer/ZB/SDKs/zero-bounce-javascript/src/index.js","statementMap":{},"fnMap":{},"branchMap":{},"s":{},"f":{},"b":{}}
,"/Users/atilla/Developer/ZB/SDKs/zero-bounce-javascript/src/utils.js": {"path":"/Users/atilla/Developer/ZB/SDKs/zero-bounce-javascript/src/utils.js","statementMap":{"0":{"start":{"line":2,"column":33},"end":{"line":2,"column":68}},"1":{"start":{"line":3,"column":23},"end":{"line":7,"column":1}},"2":{"start":{"line":19,"column":14},"end":{"line":21,"column":42}},"3":{"start":{"line":23,"column":2},"end":{"line":46,"column":3}},"4":{"start":{"line":24,"column":21},"end":{"line":28,"column":6}},"5":{"start":{"line":29,"column":4},"end":{"line":37,"column":5}},"6":{"start":{"line":30,"column":26},"end":{"line":30,"column":47}},"7":{"start":{"line":31,"column":6},"end":{"line":36,"column":7}},"8":{"start":{"line":32,"column":21},"end":{"line":32,"column":74}},"9":{"start":{"line":33,"column":8},"end":{"line":33,"column":72}},"10":{"start":{"line":35,"column":8},"end":{"line":35,"column":39}},"11":{"start":{"line":38,"column":4},"end":{"line":43,"column":5}},"12":{"start":{"line":39,"column":6},"end":{"line":39,"column":53}},"13":{"start":{"line":41,"column":26},"end":{"line":41,"column":47}},"14":{"start":{"line":42,"column":6},"end":{"line":42,"column":25}},"15":{"start":{"line":45,"column":4},"end":{"line":45,"column":27}},"16":{"start":{"line":50,"column":2},"end":{"line":65,"column":3}},"17":{"start":{"line":52,"column":4},"end":{"line":52,"column":54}},"18":{"start":{"line":54,"column":14},"end":{"line":54,"column":41}},"19":{"start":{"line":55,"column":4},"end":{"line":55,"column":33}},"20":{"start":{"line":56,"column":16},"end":{"line":56,"column":48}},"21":{"start":{"line":57,"column":4},"end":{"line":57,"column":17}},"22":{"start":{"line":58,"column":4},"end":{"line":58,"column":26}},"23":{"start":{"line":59,"column":4},"end":{"line":59,"column":14}},"24":{"start":{"line":60,"column":4},"end":{"line":63,"column":10}},"25":{"start":{"line":61,"column":6},"end":{"line":61,"column":38}},"26":{"start":{"line":62,"column":6},"end":{"line":62,"column":35}},"27":{"start":{"line":64,"column":4},"end":{"line":64,"column":20}},"28":{"start":{"line":69,"column":2},"end":{"line":69,"column":78}},"29":{"start":{"line":73,"column":2},"end":{"line":75,"column":4}},"30":{"start":{"line":79,"column":2},"end":{"line":81,"column":4}}},"fnMap":{"0":{"name":"createRequest","decl":{"start":{"line":9,"column":22},"end":{"line":9,"column":35}},"loc":{"start":{"line":18,"column":3},"end":{"line":47,"column":1}},"line":18},"1":{"name":"saveFile","decl":{"start":{"line":49,"column":9},"end":{"line":49,"column":17}},"loc":{"start":{"line":49,"column":34},"end":{"line":66,"column":1}},"line":49},"2":{"name":"(anonymous_2)","decl":{"start":{"line":60,"column":15},"end":{"line":60,"column":16}},"loc":{"start":{"line":60,"column":21},"end":{"line":63,"column":5}},"line":60},"3":{"name":"notInitialized","decl":{"start":{"line":68,"column":16},"end":{"line":68,"column":30}},"loc":{"start":{"line":68,"column":33},"end":{"line":70,"column":1}},"line":68},"4":{"name":"parameterIsMissing","decl":{"start":{"line":72,"column":16},"end":{"line":72,"column":34}},"loc":{"start":{"line":72,"column":66},"end":{"line":76,"column":1}},"line":72},"5":{"name":"parameterIsInvalid","decl":{"start":{"line":78,"column":16},"end":{"line":78,"column":34}},"loc":{"start":{"line":78,"column":66},"end":{"line":82,"column":1}},"line":78}},"branchMap":{"0":{"loc":{"start":{"line":11,"column":2},"end":{"line":11,"column":13}},"type":"default-arg","locations":[{"start":{"line":11,"column":9},"end":{"line":11,"column":13}}],"line":11},"1":{"loc":{"start":{"line":12,"column":2},"end":{"line":12,"column":15}},"type":"default-arg","locations":[{"start":{"line":12,"column":11},"end":{"line":12,"column":15}}],"line":12},"2":{"loc":{"start":{"line":14,"column":2},"end":{"line":14,"column":15}},"type":"default-arg","locations":[{"start":{"line":14,"column":10},"end":{"line":14,"column":15}}],"line":14},"3":{"loc":{"start":{"line":15,"column":2},"end":{"line":15,"column":20}},"type":"default-arg","locations":[{"start":{"line":15,"column":15},"end":{"line":15,"column":20}}],"line":15},"4":{"loc":{"start":{"line":16,"column":2},"end":{"line":16,"column":17}},"type":"default-arg","locations":[{"start":{"line":16,"column":12},"end":{"line":16,"column":17}}],"line":16},"5":{"loc":{"start":{"line":20,"column":4},"end":{"line":20,"column":42}},"type":"cond-expr","locations":[{"start":{"line":20,"column":12},"end":{"line":20,"column":29}},{"start":{"line":20,"column":32},"end":{"line":20,"column":42}}],"line":20},"6":{"loc":{"start":{"line":29,"column":4},"end":{"line":37,"column":5}},"type":"if","locations":[{"start":{"line":29,"column":4},"end":{"line":37,"column":5}},{"start":{},"end":{}}],"line":29},"7":{"loc":{"start":{"line":31,"column":6},"end":{"line":36,"column":7}},"type":"if","locations":[{"start":{"line":31,"column":6},"end":{"line":36,"column":7}},{"start":{"line":34,"column":13},"end":{"line":36,"column":7}}],"line":31},"8":{"loc":{"start":{"line":33,"column":39},"end":{"line":33,"column":64}},"type":"cond-expr","locations":[{"start":{"line":33,"column":49},"end":{"line":33,"column":59}},{"start":{"line":33,"column":62},"end":{"line":33,"column":64}}],"line":33},"9":{"loc":{"start":{"line":38,"column":4},"end":{"line":43,"column":5}},"type":"if","locations":[{"start":{"line":38,"column":4},"end":{"line":43,"column":5}},{"start":{"line":40,"column":11},"end":{"line":43,"column":5}}],"line":38},"10":{"loc":{"start":{"line":50,"column":2},"end":{"line":65,"column":3}},"type":"if","locations":[{"start":{"line":50,"column":2},"end":{"line":65,"column":3}},{"start":{"line":53,"column":9},"end":{"line":65,"column":3}}],"line":50},"11":{"loc":{"start":{"line":72,"column":46},"end":{"line":72,"column":64}},"type":"default-arg","locations":[{"start":{"line":72,"column":62},"end":{"line":72,"column":64}}],"line":72},"12":{"loc":{"start":{"line":78,"column":46},"end":{"line":78,"column":64}},"type":"default-arg","locations":[{"start":{"line":78,"column":62},"end":{"line":78,"column":64}}],"line":78}},"s":{"0":1,"1":1,"2":30,"3":30,"4":30,"5":18,"6":0,"7":0,"8":0,"9":0,"10":0,"11":18,"12":0,"13":18,"14":18,"15":12,"16":0,"17":0,"18":0,"19":0,"20":0,"21":0,"22":0,"23":0,"24":0,"25":0,"26":0,"27":0,"28":15,"29":19,"30":2},"f":{"0":30,"1":0,"2":0,"3":15,"4":19,"5":2},"b":{"0":[24],"1":[6],"2":[14],"3":[28],"4":[24],"5":[16,14],"6":[0,18],"7":[0,0],"8":[0,0],"9":[0,18],"10":[0,0],"11":[17],"12":[0]},"_coverageSchema":"1a1c01bbd47fc00a2c39e90264f33305004495a9","hash":"3d12ce1061103f3949312b0ffb4f24c57ac46fc4"}
,"/Users/atilla/Developer/ZB/SDKs/zero-bounce-javascript/src/zero-bounce.js": {"path":"/Users/atilla/Developer/ZB/SDKs/zero-bounce-javascript/src/zero-bounce.js","statementMap":{"0":{"start":{"line":8,"column":32},"end":{"line":17,"column":2}},"1":{"start":{"line":24,"column":35},"end":{"line":56,"column":2}},"2":{"start":{"line":59,"column":18},"end":{"line":63,"column":4}},"3":{"start":{"line":66,"column":28},"end":{"line":66,"column":44}},"4":{"start":{"line":68,"column":31},"end":{"line":68,"column":50}},"5":{"start":{"line":71,"column":4},"end":{"line":71,"column":30}},"6":{"start":{"line":72,"column":4},"end":{"line":72,"column":25}},"7":{"start":{"line":73,"column":4},"end":{"line":73,"column":62}},"8":{"start":{"line":81,"column":4},"end":{"line":87,"column":5}},"9":{"start":{"line":82,"column":6},"end":{"line":82,"column":71}},"10":{"start":{"line":84,"column":6},"end":{"line":84,"column":29}},"11":{"start":{"line":85,"column":6},"end":{"line":85,"column":38}},"12":{"start":{"line":86,"column":6},"end":{"line":86,"column":31}},"13":{"start":{"line":91,"column":4},"end":{"line":94,"column":5}},"14":{"start":{"line":92,"column":6},"end":{"line":92,"column":23}},"15":{"start":{"line":93,"column":6},"end":{"line":93,"column":13}},"16":{"start":{"line":95,"column":19},"end":{"line":97,"column":5}},"17":{"start":{"line":98,"column":4},"end":{"line":98,"column":110}},"18":{"start":{"line":108,"column":4},"end":{"line":114,"column":5}},"19":{"start":{"line":109,"column":6},"end":{"line":109,"column":23}},"20":{"start":{"line":110,"column":6},"end":{"line":110,"column":13}},"21":{"start":{"line":111,"column":11},"end":{"line":114,"column":5}},"22":{"start":{"line":112,"column":6},"end":{"line":112,"column":34}},"23":{"start":{"line":113,"column":6},"end":{"line":113,"column":13}},"24":{"start":{"line":118,"column":4},"end":{"line":123,"column":5}},"25":{"start":{"line":119,"column":6},"end":{"line":119,"column":27}},"26":{"start":{"line":120,"column":11},"end":{"line":123,"column":5}},"27":{"start":{"line":121,"column":6},"end":{"line":121,"column":38}},"28":{"start":{"line":122,"column":6},"end":{"line":122,"column":32}},"29":{"start":{"line":125,"column":4},"end":{"line":128,"column":5}},"30":{"start":{"line":126,"column":6},"end":{"line":126,"column":73}},"31":{"start":{"line":127,"column":6},"end":{"line":127,"column":13}},"32":{"start":{"line":130,"column":19},"end":{"line":133,"column":5}},"33":{"start":{"line":134,"column":4},"end":{"line":134,"column":59}},"34":{"start":{"line":134,"column":28},"end":{"line":134,"column":59}},"35":{"start":{"line":135,"column":4},"end":{"line":135,"column":50}},"36":{"start":{"line":135,"column":25},"end":{"line":135,"column":50}},"37":{"start":{"line":137,"column":4},"end":{"line":137,"column":108}},"38":{"start":{"line":145,"column":4},"end":{"line":154,"column":5}},"39":{"start":{"line":146,"column":6},"end":{"line":146,"column":23}},"40":{"start":{"line":147,"column":6},"end":{"line":147,"column":13}},"41":{"start":{"line":148,"column":11},"end":{"line":154,"column":5}},"42":{"start":{"line":149,"column":6},"end":{"line":149,"column":61}},"43":{"start":{"line":150,"column":6},"end":{"line":150,"column":13}},"44":{"start":{"line":151,"column":11},"end":{"line":154,"column":5}},"45":{"start":{"line":152,"column":6},"end":{"line":152,"column":59}},"46":{"start":{"line":153,"column":6},"end":{"line":153,"column":13}},"47":{"start":{"line":156,"column":19},"end":{"line":160,"column":5}},"48":{"start":{"line":161,"column":4},"end":{"line":166,"column":7}},"49":{"start":{"line":174,"column":4},"end":{"line":180,"column":5}},"50":{"start":{"line":175,"column":6},"end":{"line":175,"column":23}},"51":{"start":{"line":176,"column":6},"end":{"line":176,"column":13}},"52":{"start":{"line":177,"column":11},"end":{"line":180,"column":5}},"53":{"start":{"line":178,"column":6},"end":{"line":178,"column":39}},"54":{"start":{"line":179,"column":6},"end":{"line":179,"column":13}},"55":{"start":{"line":182,"column":17},"end":{"line":185,"column":5}},"56":{"start":{"line":186,"column":4},"end":{"line":192,"column":7}},"57":{"start":{"line":199,"column":4},"end":{"line":205,"column":5}},"58":{"start":{"line":200,"column":6},"end":{"line":200,"column":23}},"59":{"start":{"line":201,"column":6},"end":{"line":201,"column":13}},"60":{"start":{"line":202,"column":11},"end":{"line":205,"column":5}},"61":{"start":{"line":203,"column":6},"end":{"line":203,"column":34}},"62":{"start":{"line":204,"column":6},"end":{"line":204,"column":13}},"63":{"start":{"line":206,"column":19},"end":{"line":209,"column":5}},"64":{"start":{"line":210,"column":4},"end":{"line":215,"column":7}},"65":{"start":{"line":240,"column":4},"end":{"line":249,"column":5}},"66":{"start":{"line":241,"column":6},"end":{"line":241,"column":23}},"67":{"start":{"line":242,"column":6},"end":{"line":242,"column":13}},"68":{"start":{"line":243,"column":11},"end":{"line":249,"column":5}},"69":{"start":{"line":244,"column":6},"end":{"line":244,"column":33}},"70":{"start":{"line":245,"column":6},"end":{"line":245,"column":13}},"71":{"start":{"line":246,"column":11},"end":{"line":249,"column":5}},"72":{"start":{"line":247,"column":6},"end":{"line":247,"column":49}},"73":{"start":{"line":248,"column":6},"end":{"line":248,"column":13}},"74":{"start":{"line":251,"column":17},"end":{"line":251,"column":31}},"75":{"start":{"line":252,"column":4},"end":{"line":254,"column":5}},"76":{"start":{"line":253,"column":6},"end":{"line":253,"column":44}},"77":{"start":{"line":255,"column":4},"end":{"line":257,"column":5}},"78":{"start":{"line":256,"column":6},"end":{"line":256,"column":58}},"79":{"start":{"line":258,"column":4},"end":{"line":260,"column":5}},"80":{"start":{"line":259,"column":6},"end":{"line":259,"column":56}},"81":{"start":{"line":261,"column":4},"end":{"line":263,"column":5}},"82":{"start":{"line":262,"column":6},"end":{"line":262,"column":50}},"83":{"start":{"line":264,"column":4},"end":{"line":266,"column":5}},"84":{"start":{"line":265,"column":6},"end":{"line":265,"column":58}},"85":{"start":{"line":268,"column":4},"end":{"line":268,"column":62}},"86":{"start":{"line":269,"column":4},"end":{"line":269,"column":30}},"87":{"start":{"line":270,"column":4},"end":{"line":270,"column":50}},"88":{"start":{"line":271,"column":4},"end":{"line":271,"column":54}},"89":{"start":{"line":272,"column":4},"end":{"line":272,"column":42}},"90":{"start":{"line":274,"column":4},"end":{"line":280,"column":7}},"91":{"start":{"line":299,"column":4},"end":{"line":311,"column":5}},"92":{"start":{"line":300,"column":6},"end":{"line":300,"column":23}},"93":{"start":{"line":301,"column":6},"end":{"line":301,"column":13}},"94":{"start":{"line":302,"column":11},"end":{"line":311,"column":5}},"95":{"start":{"line":303,"column":6},"end":{"line":303,"column":45}},"96":{"start":{"line":304,"column":6},"end":{"line":304,"column":13}},"97":{"start":{"line":305,"column":11},"end":{"line":311,"column":5}},"98":{"start":{"line":306,"column":6},"end":{"line":306,"column":37}},"99":{"start":{"line":307,"column":6},"end":{"line":307,"column":13}},"100":{"start":{"line":308,"column":11},"end":{"line":311,"column":5}},"101":{"start":{"line":309,"column":6},"end":{"line":309,"column":49}},"102":{"start":{"line":310,"column":6},"end":{"line":310,"column":13}},"103":{"start":{"line":313,"column":17},"end":{"line":313,"column":31}},"104":{"start":{"line":314,"column":4},"end":{"line":314,"column":58}},"105":{"start":{"line":314,"column":20},"end":{"line":314,"column":58}},"106":{"start":{"line":315,"column":4},"end":{"line":315,"column":79}},"107":{"start":{"line":315,"column":27},"end":{"line":315,"column":79}},"108":{"start":{"line":316,"column":4},"end":{"line":316,"column":76}},"109":{"start":{"line":316,"column":26},"end":{"line":316,"column":76}},"110":{"start":{"line":317,"column":4},"end":{"line":317,"column":67}},"111":{"start":{"line":317,"column":23},"end":{"line":317,"column":67}},"112":{"start":{"line":318,"column":4},"end":{"line":318,"column":79}},"113":{"start":{"line":318,"column":27},"end":{"line":318,"column":79}},"114":{"start":{"line":319,"column":4},"end":{"line":319,"column":62}},"115":{"start":{"line":320,"column":4},"end":{"line":320,"column":52}},"116":{"start":{"line":321,"column":4},"end":{"line":321,"column":50}},"117":{"start":{"line":322,"column":4},"end":{"line":322,"column":54}},"118":{"start":{"line":323,"column":4},"end":{"line":323,"column":42}},"119":{"start":{"line":325,"column":4},"end":{"line":331,"column":7}},"120":{"start":{"line":348,"column":4},"end":{"line":357,"column":5}},"121":{"start":{"line":349,"column":6},"end":{"line":349,"column":23}},"122":{"start":{"line":350,"column":6},"end":{"line":350,"column":13}},"123":{"start":{"line":351,"column":11},"end":{"line":357,"column":5}},"124":{"start":{"line":352,"column":6},"end":{"line":352,"column":39}},"125":{"start":{"line":353,"column":6},"end":{"line":353,"column":13}},"126":{"start":{"line":354,"column":11},"end":{"line":357,"column":5}},"127":{"start":{"line":355,"column":6},"end":{"line":355,"column":57}},"128":{"start":{"line":356,"column":6},"end":{"line":356,"column":13}},"129":{"start":{"line":359,"column":17},"end":{"line":359,"column":31}},"130":{"start":{"line":361,"column":4},"end":{"line":363,"column":5}},"131":{"start":{"line":362,"column":6},"end":{"line":362,"column":44}},"132":{"start":{"line":365,"column":4},"end":{"line":365,"column":30}},"133":{"start":{"line":366,"column":4},"end":{"line":366,"column":62}},"134":{"start":{"line":367,"column":4},"end":{"line":367,"column":50}},"135":{"start":{"line":368,"column":4},"end":{"line":368,"column":42}},"136":{"start":{"line":369,"column":4},"end":{"line":369,"column":54}},"137":{"start":{"line":371,"column":4},"end":{"line":377,"column":7}},"138":{"start":{"line":392,"column":4},"end":{"line":404,"column":5}},"139":{"start":{"line":393,"column":6},"end":{"line":393,"column":23}},"140":{"start":{"line":394,"column":6},"end":{"line":394,"column":13}},"141":{"start":{"line":395,"column":11},"end":{"line":404,"column":5}},"142":{"start":{"line":396,"column":6},"end":{"line":396,"column":45}},"143":{"start":{"line":397,"column":6},"end":{"line":397,"column":13}},"144":{"start":{"line":398,"column":11},"end":{"line":404,"column":5}},"145":{"start":{"line":399,"column":6},"end":{"line":399,"column":37}},"146":{"start":{"line":400,"column":6},"end":{"line":400,"column":13}},"147":{"start":{"line":401,"column":11},"end":{"line":404,"column":5}},"148":{"start":{"line":402,"column":6},"end":{"line":402,"column":49}},"149":{"start":{"line":403,"column":6},"end":{"line":403,"column":13}},"150":{"start":{"line":406,"column":17},"end":{"line":406,"column":31}},"151":{"start":{"line":407,"column":4},"end":{"line":407,"column":58}},"152":{"start":{"line":407,"column":20},"end":{"line":407,"column":58}},"153":{"start":{"line":408,"column":4},"end":{"line":408,"column":52}},"154":{"start":{"line":409,"column":4},"end":{"line":409,"column":62}},"155":{"start":{"line":410,"column":4},"end":{"line":410,"column":50}},"156":{"start":{"line":411,"column":4},"end":{"line":411,"column":42}},"157":{"start":{"line":412,"column":4},"end":{"line":412,"column":54}},"158":{"start":{"line":414,"column":4},"end":{"line":420,"column":7}},"159":{"start":{"line":424,"column":4},"end":{"line":430,"column":5}},"160":{"start":{"line":425,"column":6},"end":{"line":425,"column":23}},"161":{"start":{"line":426,"column":6},"end":{"line":426,"column":13}},"162":{"start":{"line":427,"column":11},"end":{"line":430,"column":5}},"163":{"start":{"line":428,"column":6},"end":{"line":428,"column":36}},"164":{"start":{"line":429,"column":6},"end":{"line":429,"column":13}},"165":{"start":{"line":432,"column":19},"end":{"line":435,"column":5}},"166":{"start":{"line":436,"column":4},"end":{"line":442,"column":7}},"167":{"start":{"line":449,"column":4},"end":{"line":449,"column":54}},"168":{"start":{"line":456,"column":4},"end":{"line":456,"column":62}},"169":{"start":{"line":460,"column":4},"end":{"line":466,"column":5}},"170":{"start":{"line":461,"column":6},"end":{"line":461,"column":23}},"171":{"start":{"line":462,"column":6},"end":{"line":462,"column":13}},"172":{"start":{"line":463,"column":11},"end":{"line":466,"column":5}},"173":{"start":{"line":464,"column":6},"end":{"line":464,"column":36}},"174":{"start":{"line":465,"column":6},"end":{"line":465,"column":13}},"175":{"start":{"line":467,"column":19},"end":{"line":470,"column":5}},"176":{"start":{"line":471,"column":4},"end":{"line":479,"column":7}},"177":{"start":{"line":486,"column":4},"end":{"line":486,"column":49}},"178":{"start":{"line":493,"column":4},"end":{"line":493,"column":63}},"179":{"start":{"line":497,"column":4},"end":{"line":503,"column":5}},"180":{"start":{"line":498,"column":6},"end":{"line":498,"column":23}},"181":{"start":{"line":499,"column":6},"end":{"line":499,"column":13}},"182":{"start":{"line":500,"column":11},"end":{"line":503,"column":5}},"183":{"start":{"line":501,"column":6},"end":{"line":501,"column":36}},"184":{"start":{"line":502,"column":6},"end":{"line":502,"column":13}},"185":{"start":{"line":504,"column":19},"end":{"line":507,"column":5}},"186":{"start":{"line":508,"column":4},"end":{"line":515,"column":7}},"187":{"start":{"line":522,"column":4},"end":{"line":522,"column":55}},"188":{"start":{"line":529,"column":4},"end":{"line":529,"column":69}},"189":{"start":{"line":546,"column":4},"end":{"line":551,"column":7}},"190":{"start":{"line":566,"column":4},"end":{"line":571,"column":7}},"191":{"start":{"line":581,"column":4},"end":{"line":591,"column":5}},"192":{"start":{"line":582,"column":6},"end":{"line":582,"column":23}},"193":{"start":{"line":583,"column":6},"end":{"line":583,"column":13}},"194":{"start":{"line":584,"column":11},"end":{"line":591,"column":5}},"195":{"start":{"line":585,"column":6},"end":{"line":585,"column":35}},"196":{"start":{"line":586,"column":6},"end":{"line":586,"column":41}},"197":{"start":{"line":587,"column":6},"end":{"line":587,"column":13}},"198":{"start":{"line":588,"column":11},"end":{"line":591,"column":5}},"199":{"start":{"line":589,"column":6},"end":{"line":589,"column":39}},"200":{"start":{"line":590,"column":6},"end":{"line":590,"column":13}},"201":{"start":{"line":593,"column":19},"end":{"line":598,"column":5}},"202":{"start":{"line":600,"column":4},"end":{"line":604,"column":5}},"203":{"start":{"line":601,"column":6},"end":{"line":601,"column":32}},"204":{"start":{"line":602,"column":11},"end":{"line":604,"column":5}},"205":{"start":{"line":603,"column":6},"end":{"line":603,"column":44}},"206":{"start":{"line":606,"column":4},"end":{"line":611,"column":7}},"207":{"start":{"line":623,"column":4},"end":{"line":625,"column":7}},"208":{"start":{"line":634,"column":4},"end":{"line":636,"column":7}},"209":{"start":{"line":643,"column":4},"end":{"line":650,"column":5}},"210":{"start":{"line":644,"column":6},"end":{"line":644,"column":23}},"211":{"start":{"line":645,"column":6},"end":{"line":645,"column":13}},"212":{"start":{"line":646,"column":11},"end":{"line":650,"column":5}},"213":{"start":{"line":647,"column":6},"end":{"line":647,"column":35}},"214":{"start":{"line":648,"column":6},"end":{"line":648,"column":41}},"215":{"start":{"line":649,"column":6},"end":{"line":649,"column":13}},"216":{"start":{"line":652,"column":19},"end":{"line":654,"column":5}},"217":{"start":{"line":656,"column":4},"end":{"line":660,"column":5}},"218":{"start":{"line":657,"column":6},"end":{"line":657,"column":32}},"219":{"start":{"line":658,"column":11},"end":{"line":660,"column":5}},"220":{"start":{"line":659,"column":6},"end":{"line":659,"column":44}},"221":{"start":{"line":662,"column":4},"end":{"line":667,"column":7}},"222":{"start":{"line":684,"column":4},"end":{"line":684,"column":127}},"223":{"start":{"line":685,"column":4},"end":{"line":691,"column":5}},"224":{"start":{"line":686,"column":6},"end":{"line":686,"column":23}},"225":{"start":{"line":687,"column":6},"end":{"line":687,"column":13}},"226":{"start":{"line":688,"column":11},"end":{"line":691,"column":5}},"227":{"start":{"line":689,"column":6},"end":{"line":689,"column":35}},"228":{"start":{"line":690,"column":6},"end":{"line":690,"column":13}},"229":{"start":{"line":693,"column":19},"end":{"line":699,"column":5}},"230":{"start":{"line":701,"column":4},"end":{"line":706,"column":7}}},"fnMap":{"0":{"name":"(anonymous_0)","decl":{"start":{"line":70,"column":2},"end":{"line":70,"column":3}},"loc":{"start":{"line":70,"column":16},"end":{"line":74,"column":3}},"line":70},"1":{"name":"(anonymous_1)","decl":{"start":{"line":80,"column":2},"end":{"line":80,"column":3}},"loc":{"start":{"line":80,"column":66},"end":{"line":88,"column":3}},"line":80},"2":{"name":"(anonymous_2)","decl":{"start":{"line":90,"column":2},"end":{"line":90,"column":3}},"loc":{"start":{"line":90,"column":15},"end":{"line":99,"column":3}},"line":90},"3":{"name":"(anonymous_3)","decl":{"start":{"line":107,"column":2},"end":{"line":107,"column":3}},"loc":{"start":{"line":107,"column":39},"end":{"line":138,"column":3}},"line":107},"4":{"name":"(anonymous_4)","decl":{"start":{"line":144,"column":2},"end":{"line":144,"column":3}},"loc":{"start":{"line":144,"column":34},"end":{"line":167,"column":3}},"line":144},"5":{"name":"(anonymous_5)","decl":{"start":{"line":173,"column":2},"end":{"line":173,"column":3}},"loc":{"start":{"line":173,"column":28},"end":{"line":193,"column":3}},"line":173},"6":{"name":"(anonymous_6)","decl":{"start":{"line":198,"column":2},"end":{"line":198,"column":3}},"loc":{"start":{"line":198,"column":26},"end":{"line":216,"column":3}},"line":198},"7":{"name":"(anonymous_7)","decl":{"start":{"line":229,"column":2},"end":{"line":229,"column":3}},"loc":{"start":{"line":239,"column":5},"end":{"line":281,"column":3}},"line":239},"8":{"name":"(anonymous_8)","decl":{"start":{"line":289,"column":2},"end":{"line":289,"column":3}},"loc":{"start":{"line":298,"column":10},"end":{"line":332,"column":3}},"line":298},"9":{"name":"(anonymous_9)","decl":{"start":{"line":341,"column":2},"end":{"line":341,"column":3}},"loc":{"start":{"line":347,"column":5},"end":{"line":378,"column":3}},"line":347},"10":{"name":"(anonymous_10)","decl":{"start":{"line":386,"column":2},"end":{"line":386,"column":3}},"loc":{"start":{"line":391,"column":10},"end":{"line":421,"column":3}},"line":391},"11":{"name":"(anonymous_11)","decl":{"start":{"line":423,"column":2},"end":{"line":423,"column":3}},"loc":{"start":{"line":423,"column":31},"end":{"line":443,"column":3}},"line":423},"12":{"name":"(anonymous_12)","decl":{"start":{"line":448,"column":2},"end":{"line":448,"column":3}},"loc":{"start":{"line":448,"column":24},"end":{"line":450,"column":3}},"line":448},"13":{"name":"(anonymous_13)","decl":{"start":{"line":455,"column":2},"end":{"line":455,"column":3}},"loc":{"start":{"line":455,"column":31},"end":{"line":457,"column":3}},"line":455},"14":{"name":"(anonymous_14)","decl":{"start":{"line":459,"column":2},"end":{"line":459,"column":3}},"loc":{"start":{"line":459,"column":46},"end":{"line":480,"column":3}},"line":459},"15":{"name":"(anonymous_15)","decl":{"start":{"line":485,"column":2},"end":{"line":485,"column":3}},"loc":{"start":{"line":485,"column":18},"end":{"line":487,"column":3}},"line":485},"16":{"name":"(anonymous_16)","decl":{"start":{"line":492,"column":2},"end":{"line":492,"column":3}},"loc":{"start":{"line":492,"column":25},"end":{"line":494,"column":3}},"line":492},"17":{"name":"(anonymous_17)","decl":{"start":{"line":496,"column":2},"end":{"line":496,"column":3}},"loc":{"start":{"line":496,"column":49},"end":{"line":516,"column":3}},"line":496},"18":{"name":"(anonymous_18)","decl":{"start":{"line":521,"column":2},"end":{"line":521,"column":3}},"loc":{"start":{"line":521,"column":21},"end":{"line":523,"column":3}},"line":521},"19":{"name":"(anonymous_19)","decl":{"start":{"line":528,"column":2},"end":{"line":528,"column":3}},"loc":{"start":{"line":528,"column":28},"end":{"line":530,"column":3}},"line":528},"20":{"name":"(anonymous_20)","decl":{"start":{"line":540,"column":2},"end":{"line":540,"column":3}},"loc":{"start":{"line":545,"column":5},"end":{"line":552,"column":3}},"line":545},"21":{"name":"(anonymous_21)","decl":{"start":{"line":560,"column":2},"end":{"line":560,"column":3}},"loc":{"start":{"line":565,"column":5},"end":{"line":572,"column":3}},"line":565},"22":{"name":"(anonymous_22)","decl":{"start":{"line":574,"column":2},"end":{"line":574,"column":3}},"loc":{"start":{"line":580,"column":5},"end":{"line":612,"column":3}},"line":580},"23":{"name":"(anonymous_23)","decl":{"start":{"line":620,"column":2},"end":{"line":620,"column":3}},"loc":{"start":{"line":622,"column":5},"end":{"line":626,"column":3}},"line":622},"24":{"name":"(anonymous_24)","decl":{"start":{"line":631,"column":2},"end":{"line":631,"column":3}},"loc":{"start":{"line":633,"column":5},"end":{"line":637,"column":3}},"line":633},"25":{"name":"(anonymous_25)","decl":{"start":{"line":639,"column":2},"end":{"line":639,"column":3}},"loc":{"start":{"line":642,"column":5},"end":{"line":668,"column":3}},"line":642},"26":{"name":"(anonymous_26)","decl":{"start":{"line":678,"column":2},"end":{"line":678,"column":3}},"loc":{"start":{"line":683,"column":5},"end":{"line":707,"column":3}},"line":683}},"branchMap":{"0":{"loc":{"start":{"line":80,"column":15},"end":{"line":80,"column":64}},"type":"default-arg","locations":[{"start":{"line":80,"column":28},"end":{"line":80,"column":64}}],"line":80},"1":{"loc":{"start":{"line":81,"column":4},"end":{"line":87,"column":5}},"type":"if","locations":[{"start":{"line":81,"column":4},"end":{"line":87,"column":5}},{"start":{"line":83,"column":11},"end":{"line":87,"column":5}}],"line":81},"2":{"loc":{"start":{"line":91,"column":4},"end":{"line":94,"column":5}},"type":"if","locations":[{"start":{"line":91,"column":4},"end":{"line":94,"column":5}},{"start":{},"end":{}}],"line":91},"3":{"loc":{"start":{"line":107,"column":23},"end":{"line":107,"column":37}},"type":"default-arg","locations":[{"start":{"line":107,"column":33},"end":{"line":107,"column":37}}],"line":107},"4":{"loc":{"start":{"line":108,"column":4},"end":{"line":114,"column":5}},"type":"if","locations":[{"start":{"line":108,"column":4},"end":{"line":114,"column":5}},{"start":{"line":111,"column":11},"end":{"line":114,"column":5}}],"line":108},"5":{"loc":{"start":{"line":111,"column":11},"end":{"line":114,"column":5}},"type":"if","locations":[{"start":{"line":111,"column":11},"end":{"line":114,"column":5}},{"start":{},"end":{}}],"line":111},"6":{"loc":{"start":{"line":118,"column":4},"end":{"line":123,"column":5}},"type":"if","locations":[{"start":{"line":118,"column":4},"end":{"line":123,"column":5}},{"start":{"line":120,"column":11},"end":{"line":123,"column":5}}],"line":118},"7":{"loc":{"start":{"line":120,"column":11},"end":{"line":123,"column":5}},"type":"if","locations":[{"start":{"line":120,"column":11},"end":{"line":123,"column":5}},{"start":{},"end":{}}],"line":120},"8":{"loc":{"start":{"line":120,"column":15},"end":{"line":120,"column":53}},"type":"binary-expr","locations":[{"start":{"line":120,"column":15},"end":{"line":120,"column":22}},{"start":{"line":120,"column":26},"end":{"line":120,"column":53}}],"line":120},"9":{"loc":{"start":{"line":125,"column":4},"end":{"line":128,"column":5}},"type":"if","locations":[{"start":{"line":125,"column":4},"end":{"line":128,"column":5}},{"start":{},"end":{}}],"line":125},"10":{"loc":{"start":{"line":125,"column":8},"end":{"line":125,"column":56}},"type":"binary-expr","locations":[{"start":{"line":125,"column":8},"end":{"line":125,"column":23}},{"start":{"line":125,"column":28},"end":{"line":125,"column":39}},{"start":{"line":125,"column":43},"end":{"line":125,"column":55}}],"line":125},"11":{"loc":{"start":{"line":134,"column":4},"end":{"line":134,"column":59}},"type":"if","locations":[{"start":{"line":134,"column":4},"end":{"line":134,"column":59}},{"start":{},"end":{}}],"line":134},"12":{"loc":{"start":{"line":135,"column":4},"end":{"line":135,"column":50}},"type":"if","locations":[{"start":{"line":135,"column":4},"end":{"line":135,"column":50}},{"start":{},"end":{}}],"line":135},"13":{"loc":{"start":{"line":145,"column":4},"end":{"line":154,"column":5}},"type":"if","locations":[{"start":{"line":145,"column":4},"end":{"line":154,"column":5}},{"start":{"line":148,"column":11},"end":{"line":154,"column":5}}],"line":145},"14":{"loc":{"start":{"line":148,"column":11},"end":{"line":154,"column":5}},"type":"if","locations":[{"start":{"line":148,"column":11},"end":{"line":154,"column":5}},{"start":{"line":151,"column":11},"end":{"line":154,"column":5}}],"line":148},"15":{"loc":{"start":{"line":151,"column":11},"end":{"line":154,"column":5}},"type":"if","locations":[{"start":{"line":151,"column":11},"end":{"line":154,"column":5}},{"start":{},"end":{}}],"line":151},"16":{"loc":{"start":{"line":174,"column":4},"end":{"line":180,"column":5}},"type":"if","locations":[{"start":{"line":174,"column":4},"end":{"line":180,"column":5}},{"start":{"line":177,"column":11},"end":{"line":180,"column":5}}],"line":174},"17":{"loc":{"start":{"line":177,"column":11},"end":{"line":180,"column":5}},"type":"if","locations":[{"start":{"line":177,"column":11},"end":{"line":180,"column":5}},{"start":{},"end":{}}],"line":177},"18":{"loc":{"start":{"line":199,"column":4},"end":{"line":205,"column":5}},"type":"if","locations":[{"start":{"line":199,"column":4},"end":{"line":205,"column":5}},{"start":{"line":202,"column":11},"end":{"line":205,"column":5}}],"line":199},"19":{"loc":{"start":{"line":202,"column":11},"end":{"line":205,"column":5}},"type":"if","locations":[{"start":{"line":202,"column":11},"end":{"line":205,"column":5}},{"start":{},"end":{}}],"line":202},"20":{"loc":{"start":{"line":232,"column":4},"end":{"line":232,"column":29}},"type":"default-arg","locations":[{"start":{"line":232,"column":24},"end":{"line":232,"column":29}}],"line":232},"21":{"loc":{"start":{"line":233,"column":4},"end":{"line":233,"column":22}},"type":"default-arg","locations":[{"start":{"line":233,"column":17},"end":{"line":233,"column":22}}],"line":233},"22":{"loc":{"start":{"line":234,"column":4},"end":{"line":234,"column":28}},"type":"default-arg","locations":[{"start":{"line":234,"column":23},"end":{"line":234,"column":28}}],"line":234},"23":{"loc":{"start":{"line":235,"column":4},"end":{"line":235,"column":25}},"type":"default-arg","locations":[{"start":{"line":235,"column":20},"end":{"line":235,"column":25}}],"line":235},"24":{"loc":{"start":{"line":236,"column":4},"end":{"line":236,"column":29}},"type":"default-arg","locations":[{"start":{"line":236,"column":24},"end":{"line":236,"column":29}}],"line":236},"25":{"loc":{"start":{"line":237,"column":4},"end":{"line":237,"column":26}},"type":"default-arg","locations":[{"start":{"line":237,"column":21},"end":{"line":237,"column":26}}],"line":237},"26":{"loc":{"start":{"line":238,"column":4},"end":{"line":238,"column":28}},"type":"default-arg","locations":[{"start":{"line":238,"column":23},"end":{"line":238,"column":28}}],"line":238},"27":{"loc":{"start":{"line":240,"column":4},"end":{"line":249,"column":5}},"type":"if","locations":[{"start":{"line":240,"column":4},"end":{"line":249,"column":5}},{"start":{"line":243,"column":11},"end":{"line":249,"column":5}}],"line":240},"28":{"loc":{"start":{"line":243,"column":11},"end":{"line":249,"column":5}},"type":"if","locations":[{"start":{"line":243,"column":11},"end":{"line":249,"column":5}},{"start":{"line":246,"column":11},"end":{"line":249,"column":5}}],"line":243},"29":{"loc":{"start":{"line":246,"column":11},"end":{"line":249,"column":5}},"type":"if","locations":[{"start":{"line":246,"column":11},"end":{"line":249,"column":5}},{"start":{},"end":{}}],"line":246},"30":{"loc":{"start":{"line":252,"column":4},"end":{"line":254,"column":5}},"type":"if","locations":[{"start":{"line":252,"column":4},"end":{"line":254,"column":5}},{"start":{},"end":{}}],"line":252},"31":{"loc":{"start":{"line":255,"column":4},"end":{"line":257,"column":5}},"type":"if","locations":[{"start":{"line":255,"column":4},"end":{"line":257,"column":5}},{"start":{},"end":{}}],"line":255},"32":{"loc":{"start":{"line":258,"column":4},"end":{"line":260,"column":5}},"type":"if","locations":[{"start":{"line":258,"column":4},"end":{"line":260,"column":5}},{"start":{},"end":{}}],"line":258},"33":{"loc":{"start":{"line":261,"column":4},"end":{"line":263,"column":5}},"type":"if","locations":[{"start":{"line":261,"column":4},"end":{"line":263,"column":5}},{"start":{},"end":{}}],"line":261},"34":{"loc":{"start":{"line":264,"column":4},"end":{"line":266,"column":5}},"type":"if","locations":[{"start":{"line":264,"column":4},"end":{"line":266,"column":5}},{"start":{},"end":{}}],"line":264},"35":{"loc":{"start":{"line":289,"column":45},"end":{"line":298,"column":8}},"type":"default-arg","locations":[{"start":{"line":298,"column":6},"end":{"line":298,"column":8}}],"line":289},"36":{"loc":{"start":{"line":291,"column":4},"end":{"line":291,"column":29}},"type":"default-arg","locations":[{"start":{"line":291,"column":24},"end":{"line":291,"column":29}}],"line":291},"37":{"loc":{"start":{"line":292,"column":4},"end":{"line":292,"column":22}},"type":"default-arg","locations":[{"start":{"line":292,"column":17},"end":{"line":292,"column":22}}],"line":292},"38":{"loc":{"start":{"line":293,"column":4},"end":{"line":293,"column":28}},"type":"default-arg","locations":[{"start":{"line":293,"column":23},"end":{"line":293,"column":28}}],"line":293},"39":{"loc":{"start":{"line":294,"column":4},"end":{"line":294,"column":25}},"type":"default-arg","locations":[{"start":{"line":294,"column":20},"end":{"line":294,"column":25}}],"line":294},"40":{"loc":{"start":{"line":295,"column":4},"end":{"line":295,"column":29}},"type":"default-arg","locations":[{"start":{"line":295,"column":24},"end":{"line":295,"column":29}}],"line":295},"41":{"loc":{"start":{"line":296,"column":4},"end":{"line":296,"column":26}},"type":"default-arg","locations":[{"start":{"line":296,"column":21},"end":{"line":296,"column":26}}],"line":296},"42":{"loc":{"start":{"line":297,"column":4},"end":{"line":297,"column":28}},"type":"default-arg","locations":[{"start":{"line":297,"column":23},"end":{"line":297,"column":28}}],"line":297},"43":{"loc":{"start":{"line":299,"column":4},"end":{"line":311,"column":5}},"type":"if","locations":[{"start":{"line":299,"column":4},"end":{"line":311,"column":5}},{"start":{"line":302,"column":11},"end":{"line":311,"column":5}}],"line":299},"44":{"loc":{"start":{"line":302,"column":11},"end":{"line":311,"column":5}},"type":"if","locations":[{"start":{"line":302,"column":11},"end":{"line":311,"column":5}},{"start":{"line":305,"column":11},"end":{"line":311,"column":5}}],"line":302},"45":{"loc":{"start":{"line":305,"column":11},"end":{"line":311,"column":5}},"type":"if","locations":[{"start":{"line":305,"column":11},"end":{"line":311,"column":5}},{"start":{"line":308,"column":11},"end":{"line":311,"column":5}}],"line":305},"46":{"loc":{"start":{"line":308,"column":11},"end":{"line":311,"column":5}},"type":"if","locations":[{"start":{"line":308,"column":11},"end":{"line":311,"column":5}},{"start":{},"end":{}}],"line":308},"47":{"loc":{"start":{"line":314,"column":4},"end":{"line":314,"column":58}},"type":"if","locations":[{"start":{"line":314,"column":4},"end":{"line":314,"column":58}},{"start":{},"end":{}}],"line":314},"48":{"loc":{"start":{"line":315,"column":4},"end":{"line":315,"column":79}},"type":"if","locations":[{"start":{"line":315,"column":4},"end":{"line":315,"column":79}},{"start":{},"end":{}}],"line":315},"49":{"loc":{"start":{"line":316,"column":4},"end":{"line":316,"column":76}},"type":"if","locations":[{"start":{"line":316,"column":4},"end":{"line":316,"column":76}},{"start":{},"end":{}}],"line":316},"50":{"loc":{"start":{"line":317,"column":4},"end":{"line":317,"column":67}},"type":"if","locations":[{"start":{"line":317,"column":4},"end":{"line":317,"column":67}},{"start":{},"end":{}}],"line":317},"51":{"loc":{"start":{"line":318,"column":4},"end":{"line":318,"column":79}},"type":"if","locations":[{"start":{"line":318,"column":4},"end":{"line":318,"column":79}},{"start":{},"end":{}}],"line":318},"52":{"loc":{"start":{"line":344,"column":4},"end":{"line":344,"column":22}},"type":"default-arg","locations":[{"start":{"line":344,"column":17},"end":{"line":344,"column":22}}],"line":344},"53":{"loc":{"start":{"line":345,"column":4},"end":{"line":345,"column":26}},"type":"default-arg","locations":[{"start":{"line":345,"column":21},"end":{"line":345,"column":26}}],"line":345},"54":{"loc":{"start":{"line":346,"column":4},"end":{"line":346,"column":28}},"type":"default-arg","locations":[{"start":{"line":346,"column":23},"end":{"line":346,"column":28}}],"line":346},"55":{"loc":{"start":{"line":348,"column":4},"end":{"line":357,"column":5}},"type":"if","locations":[{"start":{"line":348,"column":4},"end":{"line":357,"column":5}},{"start":{"line":351,"column":11},"end":{"line":357,"column":5}}],"line":348},"56":{"loc":{"start":{"line":351,"column":11},"end":{"line":357,"column":5}},"type":"if","locations":[{"start":{"line":351,"column":11},"end":{"line":357,"column":5}},{"start":{"line":354,"column":11},"end":{"line":357,"column":5}}],"line":351},"57":{"loc":{"start":{"line":354,"column":11},"end":{"line":357,"column":5}},"type":"if","locations":[{"start":{"line":354,"column":11},"end":{"line":357,"column":5}},{"start":{},"end":{}}],"line":354},"58":{"loc":{"start":{"line":361,"column":4},"end":{"line":363,"column":5}},"type":"if","locations":[{"start":{"line":361,"column":4},"end":{"line":363,"column":5}},{"start":{},"end":{}}],"line":361},"59":{"loc":{"start":{"line":386,"column":52},"end":{"line":391,"column":8}},"type":"default-arg","locations":[{"start":{"line":391,"column":6},"end":{"line":391,"column":8}}],"line":386},"60":{"loc":{"start":{"line":388,"column":4},"end":{"line":388,"column":22}},"type":"default-arg","locations":[{"start":{"line":388,"column":17},"end":{"line":388,"column":22}}],"line":388},"61":{"loc":{"start":{"line":389,"column":4},"end":{"line":389,"column":26}},"type":"default-arg","locations":[{"start":{"line":389,"column":21},"end":{"line":389,"column":26}}],"line":389},"62":{"loc":{"start":{"line":390,"column":4},"end":{"line":390,"column":28}},"type":"default-arg","locations":[{"start":{"line":390,"column":23},"end":{"line":390,"column":28}}],"line":390},"63":{"loc":{"start":{"line":392,"column":4},"end":{"line":404,"column":5}},"type":"if","locations":[{"start":{"line":392,"column":4},"end":{"line":404,"column":5}},{"start":{"line":395,"column":11},"end":{"line":404,"column":5}}],"line":392},"64":{"loc":{"start":{"line":395,"column":11},"end":{"line":404,"column":5}},"type":"if","locations":[{"start":{"line":395,"column":11},"end":{"line":404,"column":5}},{"start":{"line":398,"column":11},"end":{"line":404,"column":5}}],"line":395},"65":{"loc":{"start":{"line":398,"column":11},"end":{"line":404,"column":5}},"type":"if","locations":[{"start":{"line":398,"column":11},"end":{"line":404,"column":5}},{"start":{"line":401,"column":11},"end":{"line":404,"column":5}}],"line":398},"66":{"loc":{"start":{"line":401,"column":11},"end":{"line":404,"column":5}},"type":"if","locations":[{"start":{"line":401,"column":11},"end":{"line":404,"column":5}},{"start":{},"end":{}}],"line":401},"67":{"loc":{"start":{"line":407,"column":4},"end":{"line":407,"column":58}},"type":"if","locations":[{"start":{"line":407,"column":4},"end":{"line":407,"column":58}},{"start":{},"end":{}}],"line":407},"68":{"loc":{"start":{"line":424,"column":4},"end":{"line":430,"column":5}},"type":"if","locations":[{"start":{"line":424,"column":4},"end":{"line":430,"column":5}},{"start":{"line":427,"column":11},"end":{"line":430,"column":5}}],"line":424},"69":{"loc":{"start":{"line":427,"column":11},"end":{"line":430,"column":5}},"type":"if","locations":[{"start":{"line":427,"column":11},"end":{"line":430,"column":5}},{"start":{},"end":{}}],"line":427},"70":{"loc":{"start":{"line":459,"column":29},"end":{"line":459,"column":44}},"type":"default-arg","locations":[{"start":{"line":459,"column":39},"end":{"line":459,"column":44}}],"line":459},"71":{"loc":{"start":{"line":460,"column":4},"end":{"line":466,"column":5}},"type":"if","locations":[{"start":{"line":460,"column":4},"end":{"line":466,"column":5}},{"start":{"line":463,"column":11},"end":{"line":466,"column":5}}],"line":460},"72":{"loc":{"start":{"line":463,"column":11},"end":{"line":466,"column":5}},"type":"if","locations":[{"start":{"line":463,"column":11},"end":{"line":466,"column":5}},{"start":{},"end":{}}],"line":463},"73":{"loc":{"start":{"line":496,"column":32},"end":{"line":496,"column":47}},"type":"default-arg","locations":[{"start":{"line":496,"column":42},"end":{"line":496,"column":47}}],"line":496},"74":{"loc":{"start":{"line":497,"column":4},"end":{"line":503,"column":5}},"type":"if","locations":[{"start":{"line":497,"column":4},"end":{"line":503,"column":5}},{"start":{"line":500,"column":11},"end":{"line":503,"column":5}}],"line":497},"75":{"loc":{"start":{"line":500,"column":11},"end":{"line":503,"column":5}},"type":"if","locations":[{"start":{"line":500,"column":11},"end":{"line":503,"column":5}},{"start":{},"end":{}}],"line":500},"76":{"loc":{"start":{"line":543,"column":4},"end":{"line":543,"column":22}},"type":"default-arg","locations":[{"start":{"line":543,"column":18},"end":{"line":543,"column":22}}],"line":543},"77":{"loc":{"start":{"line":544,"column":4},"end":{"line":544,"column":20}},"type":"default-arg","locations":[{"start":{"line":544,"column":16},"end":{"line":544,"column":20}}],"line":544},"78":{"loc":{"start":{"line":563,"column":4},"end":{"line":563,"column":22}},"type":"default-arg","locations":[{"start":{"line":563,"column":18},"end":{"line":563,"column":22}}],"line":563},"79":{"loc":{"start":{"line":564,"column":4},"end":{"line":564,"column":20}},"type":"default-arg","locations":[{"start":{"line":564,"column":16},"end":{"line":564,"column":20}}],"line":564},"80":{"loc":{"start":{"line":575,"column":4},"end":{"line":575,"column":17}},"type":"default-arg","locations":[{"start":{"line":575,"column":13},"end":{"line":575,"column":17}}],"line":575},"81":{"loc":{"start":{"line":576,"column":4},"end":{"line":576,"column":23}},"type":"default-arg","locations":[{"start":{"line":576,"column":19},"end":{"line":576,"column":23}}],"line":576},"82":{"loc":{"start":{"line":578,"column":4},"end":{"line":578,"column":22}},"type":"default-arg","locations":[{"start":{"line":578,"column":18},"end":{"line":578,"column":22}}],"line":578},"83":{"loc":{"start":{"line":579,"column":4},"end":{"line":579,"column":20}},"type":"default-arg","locations":[{"start":{"line":579,"column":16},"end":{"line":579,"column":20}}],"line":579},"84":{"loc":{"start":{"line":581,"column":4},"end":{"line":591,"column":5}},"type":"if","locations":[{"start":{"line":581,"column":4},"end":{"line":591,"column":5}},{"start":{"line":584,"column":11},"end":{"line":591,"column":5}}],"line":581},"85":{"loc":{"start":{"line":584,"column":11},"end":{"line":591,"column":5}},"type":"if","locations":[{"start":{"line":584,"column":11},"end":{"line":591,"column":5}},{"start":{"line":588,"column":11},"end":{"line":591,"column":5}}],"line":584},"86":{"loc":{"start":{"line":584,"column":15},"end":{"line":584,"column":39}},"type":"binary-expr","locations":[{"start":{"line":584,"column":15},"end":{"line":584,"column":22}},{"start":{"line":584,"column":26},"end":{"line":584,"column":39}}],"line":584},"87":{"loc":{"start":{"line":588,"column":11},"end":{"line":591,"column":5}},"type":"if","locations":[{"start":{"line":588,"column":11},"end":{"line":591,"column":5}},{"start":{},"end":{}}],"line":588},"88":{"loc":{"start":{"line":600,"column":4},"end":{"line":604,"column":5}},"type":"if","locations":[{"start":{"line":600,"column":4},"end":{"line":604,"column":5}},{"start":{"line":602,"column":11},"end":{"line":604,"column":5}}],"line":600},"89":{"loc":{"start":{"line":602,"column":11},"end":{"line":604,"column":5}},"type":"if","locations":[{"start":{"line":602,"column":11},"end":{"line":604,"column":5}},{"start":{},"end":{}}],"line":602},"90":{"loc":{"start":{"line":640,"column":4},"end":{"line":640,"column":17}},"type":"default-arg","locations":[{"start":{"line":640,"column":13},"end":{"line":640,"column":17}}],"line":640},"91":{"loc":{"start":{"line":641,"column":4},"end":{"line":641,"column":23}},"type":"default-arg","locations":[{"start":{"line":641,"column":19},"end":{"line":641,"column":23}}],"line":641},"92":{"loc":{"start":{"line":643,"column":4},"end":{"line":650,"column":5}},"type":"if","locations":[{"start":{"line":643,"column":4},"end":{"line":650,"column":5}},{"start":{"line":646,"column":11},"end":{"line":650,"column":5}}],"line":643},"93":{"loc":{"start":{"line":646,"column":11},"end":{"line":650,"column":5}},"type":"if","locations":[{"start":{"line":646,"column":11},"end":{"line":650,"column":5}},{"start":{},"end":{}}],"line":646},"94":{"loc":{"start":{"line":646,"column":15},"end":{"line":646,"column":39}},"type":"binary-expr","locations":[{"start":{"line":646,"column":15},"end":{"line":646,"column":22}},{"start":{"line":646,"column":26},"end":{"line":646,"column":39}}],"line":646},"95":{"loc":{"start":{"line":656,"column":4},"end":{"line":660,"column":5}},"type":"if","locations":[{"start":{"line":656,"column":4},"end":{"line":660,"column":5}},{"start":{"line":658,"column":11},"end":{"line":660,"column":5}}],"line":656},"96":{"loc":{"start":{"line":658,"column":11},"end":{"line":660,"column":5}},"type":"if","locations":[{"start":{"line":658,"column":11},"end":{"line":660,"column":5}},{"start":{},"end":{}}],"line":658},"97":{"loc":{"start":{"line":680,"column":4},"end":{"line":680,"column":21}},"type":"default-arg","locations":[{"start":{"line":680,"column":17},"end":{"line":680,"column":21}}],"line":680},"98":{"loc":{"start":{"line":681,"column":4},"end":{"line":681,"column":22}},"type":"default-arg","locations":[{"start":{"line":681,"column":18},"end":{"line":681,"column":22}}],"line":681},"99":{"loc":{"start":{"line":682,"column":4},"end":{"line":682,"column":20}},"type":"default-arg","locations":[{"start":{"line":682,"column":16},"end":{"line":682,"column":20}}],"line":682},"100":{"loc":{"start":{"line":685,"column":4},"end":{"line":691,"column":5}},"type":"if","locations":[{"start":{"line":685,"column":4},"end":{"line":691,"column":5}},{"start":{"line":688,"column":11},"end":{"line":691,"column":5}}],"line":685},"101":{"loc":{"start":{"line":688,"column":11},"end":{"line":691,"column":5}},"type":"if","locations":[{"start":{"line":688,"column":11},"end":{"line":691,"column":5}},{"start":{},"end":{}}],"line":688}},"s":{"0":1,"1":1,"2":1,"3":1,"4":1,"5":66,"6":66,"7":66,"8":51,"9":0,"10":51,"11":51,"12":51,"13":3,"14":1,"15":1,"16":2,"17":2,"18":8,"19":1,"20":1,"21":7,"22":1,"23":1,"24":6,"25":2,"26":4,"27":4,"28":4,"29":6,"30":2,"31":2,"32":4,"33":4,"34":3,"35":4,"36":2,"37":4,"38":5,"39":1,"40":1,"41":4,"42":1,"43":1,"44":3,"45":1,"46":1,"47":2,"48":2,"49":4,"50":1,"51":1,"52":3,"53":1,"54":1,"55":2,"56":2,"57":4,"58":1,"59":1,"60":3,"61":1,"62":1,"63":2,"64":2,"65":5,"66":1,"67":1,"68":4,"69":1,"70":1,"71":3,"72":1,"73":1,"74":2,"75":2,"76":0,"77":2,"78":0,"79":2,"80":0,"81":2,"82":0,"83":2,"84":0,"85":2,"86":2,"87":2,"88":2,"89":2,"90":2,"91":0,"92":0,"93":0,"94":0,"95":0,"96":0,"97":0,"98":0,"99":0,"100":0,"101":0,"102":0,"103":0,"104":0,"105":0,"106":0,"107":0,"108":0,"109":0,"110":0,"111":0,"112":0,"113":0,"114":0,"115":0,"116":0,"117":0,"118":0,"119":0,"120":5,"121":1,"122":1,"123":4,"124":1,"125":1,"126":3,"127":1,"128":1,"129":2,"130":2,"131":0,"132":2,"133":2,"134":2,"135":2,"136":2,"137":2,"138":0,"139":0,"140":0,"141":0,"142":0,"143":0,"144":0,"145":0,"146":0,"147":0,"148":0,"149":0,"150":0,"151":0,"152":0,"153":0,"154":0,"155":0,"156":0,"157":0,"158":0,"159":8,"160":2,"161":2,"162":6,"163":2,"164":2,"165":4,"166":4,"167":4,"168":4,"169":8,"170":2,"171":2,"172":6,"173":2,"174":2,"175":4,"176":4,"177":4,"178":4,"179":8,"180":2,"181":2,"182":6,"183":2,"184":2,"185":4,"186":4,"187":4,"188":4,"189":4,"190":0,"191":4,"192":1,"193":1,"194":3,"195":1,"196":1,"197":1,"198":2,"199":0,"200":0,"201":2,"202":2,"203":2,"204":0,"205":0,"206":2,"207":4,"208":0,"209":4,"210":1,"211":1,"212":3,"213":1,"214":1,"215":1,"216":2,"217":2,"218":2,"219":0,"220":0,"221":2,"222":0,"223":0,"224":0,"225":0,"226":0,"227":0,"228":0,"229":0,"230":0},"f":{"0":66,"1":51,"2":3,"3":8,"4":5,"5":4,"6":4,"7":5,"8":0,"9":5,"10":0,"11":8,"12":4,"13":4,"14":8,"15":4,"16":4,"17":8,"18":4,"19":4,"20":4,"21":0,"22":4,"23":4,"24":0,"25":4,"26":0},"b":{"0":[0],"1":[0,51],"2":[1,2],"3":[1],"4":[1,7],"5":[1,6],"6":[2,4],"7":[4,0],"8":[4,4],"9":[2,4],"10":[6,4,3],"11":[3,1],"12":[2,2],"13":[1,4],"14":[1,3],"15":[1,2],"16":[1,3],"17":[1,2],"18":[1,3],"19":[1,2],"20":[5],"21":[5],"22":[5],"23":[5],"24":[5],"25":[5],"26":[5],"27":[1,4],"28":[1,3],"29":[1,2],"30":[0,2],"31":[0,2],"32":[0,2],"33":[0,2],"34":[0,2],"35":[0],"36":[0],"37":[0],"38":[0],"39":[0],"40":[0],"41":[0],"42":[0],"43":[0,0],"44":[0,0],"45":[0,0],"46":[0,0],"47":[0,0],"48":[0,0],"49":[0,0],"50":[0,0],"51":[0,0],"52":[5],"53":[5],"54":[5],"55":[1,4],"56":[1,3],"57":[1,2],"58":[0,2],"59":[0],"60":[0],"61":[0],"62":[0],"63":[0,0],"64":[0,0],"65":[0,0],"66":[0,0],"67":[0,0],"68":[2,6],"69":[2,4],"70":[4],"71":[2,6],"72":[2,4],"73":[4],"74":[2,6],"75":[2,4],"76":[4],"77":[1],"78":[0],"79":[0],"80":[0],"81":[4],"82":[0],"83":[0],"84":[1,3],"85":[1,2],"86":[3,1],"87":[0,2],"88":[2,0],"89":[0,0],"90":[0],"91":[4],"92":[1,3],"93":[1,2],"94":[3,1],"95":[2,0],"96":[0,0],"97":[0],"98":[0],"99":[0],"100":[0,0],"101":[0,0]},"_coverageSchema":"1a1c01bbd47fc00a2c39e90264f33305004495a9","hash":"bee3ad1f2bc01bae25550f771633a0df121498b9"}
}
