TN:
SF:src/index.js
FNF:0
FNH:0
LF:0
LH:0
BRF:0
BRH:0
end_of_record
TN:
SF:src/utils.js
FN:9,createRequest
FN:49,saveFile
FN:60,(anonymous_2)
FN:68,notInitialized
FN:72,parameterIsMissing
FN:78,parameterIsInvalid
FNF:6
FNH:4
FNDA:30,createRequest
FNDA:0,saveFile
FNDA:0,(anonymous_2)
FNDA:15,notInitialized
FNDA:19,parameterIsMissing
FNDA:2,parameterIsInvalid
DA:2,1
DA:3,1
DA:19,30
DA:23,30
DA:24,30
DA:29,18
DA:30,0
DA:31,0
DA:32,0
DA:33,0
DA:35,0
DA:38,18
DA:39,0
DA:41,18
DA:42,18
DA:45,12
DA:50,0
DA:52,0
DA:54,0
DA:55,0
DA:56,0
DA:57,0
DA:58,0
DA:59,0
DA:60,0
DA:61,0
DA:62,0
DA:64,0
DA:69,15
DA:73,19
DA:79,2
LF:31
LH:13
BRDA:11,0,0,24
BRDA:12,1,0,6
BRDA:14,2,0,14
BRDA:15,3,0,28
BRDA:16,4,0,24
BRDA:20,5,0,16
BRDA:20,5,1,14
BRDA:29,6,0,0
BRDA:29,6,1,18
BRDA:31,7,0,0
BRDA:31,7,1,0
BRDA:33,8,0,0
BRDA:33,8,1,0
BRDA:38,9,0,0
BRDA:38,9,1,18
BRDA:50,10,0,0
BRDA:50,10,1,0
BRDA:72,11,0,17
BRDA:78,12,0,0
BRF:19
BRH:10
end_of_record
TN:
SF:src/zero-bounce.js
FN:70,(anonymous_0)
FN:80,(anonymous_1)
FN:90,(anonymous_2)
FN:107,(anonymous_3)
FN:144,(anonymous_4)
FN:173,(anonymous_5)
FN:198,(anonymous_6)
FN:229,(anonymous_7)
FN:289,(anonymous_8)
FN:341,(anonymous_9)
FN:386,(anonymous_10)
FN:423,(anonymous_11)
FN:448,(anonymous_12)
FN:455,(anonymous_13)
FN:459,(anonymous_14)
FN:485,(anonymous_15)
FN:492,(anonymous_16)
FN:496,(anonymous_17)
FN:521,(anonymous_18)
FN:528,(anonymous_19)
FN:540,(anonymous_20)
FN:560,(anonymous_21)
FN:574,(anonymous_22)
FN:620,(anonymous_23)
FN:631,(anonymous_24)
FN:639,(anonymous_25)
FN:678,(anonymous_26)
FNF:27
FNH:22
FNDA:66,(anonymous_0)
FNDA:51,(anonymous_1)
FNDA:3,(anonymous_2)
FNDA:8,(anonymous_3)
FNDA:5,(anonymous_4)
FNDA:4,(anonymous_5)
FNDA:4,(anonymous_6)
FNDA:5,(anonymous_7)
FNDA:0,(anonymous_8)
FNDA:5,(anonymous_9)
FNDA:0,(anonymous_10)
FNDA:8,(anonymous_11)
FNDA:4,(anonymous_12)
FNDA:4,(anonymous_13)
FNDA:8,(anonymous_14)
FNDA:4,(anonymous_15)
FNDA:4,(anonymous_16)
FNDA:8,(anonymous_17)
FNDA:4,(anonymous_18)
FNDA:4,(anonymous_19)
FNDA:4,(anonymous_20)
FNDA:0,(anonymous_21)
FNDA:4,(anonymous_22)
FNDA:4,(anonymous_23)
FNDA:0,(anonymous_24)
FNDA:4,(anonymous_25)
FNDA:0,(anonymous_26)
DA:8,1
DA:24,1
DA:59,1
DA:66,1
DA:68,1
DA:71,66
DA:72,66
DA:73,66
DA:81,51
DA:82,0
DA:84,51
DA:85,51
DA:86,51
DA:91,3
DA:92,1
DA:93,1
DA:95,2
DA:98,2
DA:108,8
DA:109,1
DA:110,1
DA:111,7
DA:112,1
DA:113,1
DA:118,6
DA:119,2
DA:120,4
DA:121,4
DA:122,4
DA:125,6
DA:126,2
DA:127,2
DA:130,4
DA:134,4
DA:135,4
DA:137,4
DA:145,5
DA:146,1
DA:147,1
DA:148,4
DA:149,1
DA:150,1
DA:151,3
DA:152,1
DA:153,1
DA:156,2
DA:161,2
DA:174,4
DA:175,1
DA:176,1
DA:177,3
DA:178,1
DA:179,1
DA:182,2
DA:186,2
DA:199,4
DA:200,1
DA:201,1
DA:202,3
DA:203,1
DA:204,1
DA:206,2
DA:210,2
DA:240,5
DA:241,1
DA:242,1
DA:243,4
DA:244,1
DA:245,1
DA:246,3
DA:247,1
DA:248,1
DA:251,2
DA:252,2
DA:253,0
DA:255,2
DA:256,0
DA:258,2
DA:259,0
DA:261,2
DA:262,0
DA:264,2
DA:265,0
DA:268,2
DA:269,2
DA:270,2
DA:271,2
DA:272,2
DA:274,2
DA:299,0
DA:300,0
DA:301,0
DA:302,0
DA:303,0
DA:304,0
DA:305,0
DA:306,0
DA:307,0
DA:308,0
DA:309,0
DA:310,0
DA:313,0
DA:314,0
DA:315,0
DA:316,0
DA:317,0
DA:318,0
DA:319,0
DA:320,0
DA:321,0
DA:322,0
DA:323,0
DA:325,0
DA:348,5
DA:349,1
DA:350,1
DA:351,4
DA:352,1
DA:353,1
DA:354,3
DA:355,1
DA:356,1
DA:359,2
DA:361,2
DA:362,0
DA:365,2
DA:366,2
DA:367,2
DA:368,2
DA:369,2
DA:371,2
DA:392,0
DA:393,0
DA:394,0
DA:395,0
DA:396,0
DA:397,0
DA:398,0
DA:399,0
DA:400,0
DA:401,0
DA:402,0
DA:403,0
DA:406,0
DA:407,0
DA:408,0
DA:409,0
DA:410,0
DA:411,0
DA:412,0
DA:414,0
DA:424,8
DA:425,2
DA:426,2
DA:427,6
DA:428,2
DA:429,2
DA:432,4
DA:436,4
DA:449,4
DA:456,4
DA:460,8
DA:461,2
DA:462,2
DA:463,6
DA:464,2
DA:465,2
DA:467,4
DA:471,4
DA:486,4
DA:493,4
DA:497,8
DA:498,2
DA:499,2
DA:500,6
DA:501,2
DA:502,2
DA:504,4
DA:508,4
DA:522,4
DA:529,4
DA:546,4
DA:566,0
DA:581,4
DA:582,1
DA:583,1
DA:584,3
DA:585,1
DA:586,1
DA:587,1
DA:588,2
DA:589,0
DA:590,0
DA:593,2
DA:600,2
DA:601,2
DA:602,0
DA:603,0
DA:606,2
DA:623,4
DA:634,0
DA:643,4
DA:644,1
DA:645,1
DA:646,3
DA:647,1
DA:648,1
DA:649,1
DA:652,2
DA:656,2
DA:657,2
DA:658,0
DA:659,0
DA:662,2
DA:684,0
DA:685,0
DA:686,0
DA:687,0
DA:688,0
DA:689,0
DA:690,0
DA:693,0
DA:701,0
LF:223
LH:155
BRDA:80,0,0,0
BRDA:81,1,0,0
BRDA:81,1,1,51
BRDA:91,2,0,1
BRDA:91,2,1,2
BRDA:107,3,0,1
BRDA:108,4,0,1
BRDA:108,4,1,7
BRDA:111,5,0,1
BRDA:111,5,1,6
BRDA:118,6,0,2
BRDA:118,6,1,4
BRDA:120,7,0,4
BRDA:120,7,1,0
BRDA:120,8,0,4
BRDA:120,8,1,4
BRDA:125,9,0,2
BRDA:125,9,1,4
BRDA:125,10,0,6
BRDA:125,10,1,4
BRDA:125,10,2,3
BRDA:134,11,0,3
BRDA:134,11,1,1
BRDA:135,12,0,2
BRDA:135,12,1,2
BRDA:145,13,0,1
BRDA:145,13,1,4
BRDA:148,14,0,1
BRDA:148,14,1,3
BRDA:151,15,0,1
BRDA:151,15,1,2
BRDA:174,16,0,1
BRDA:174,16,1,3
BRDA:177,17,0,1
BRDA:177,17,1,2
BRDA:199,18,0,1
BRDA:199,18,1,3
BRDA:202,19,0,1
BRDA:202,19,1,2
BRDA:232,20,0,5
BRDA:233,21,0,5
BRDA:234,22,0,5
BRDA:235,23,0,5
BRDA:236,24,0,5
BRDA:237,25,0,5
BRDA:238,26,0,5
BRDA:240,27,0,1
BRDA:240,27,1,4
BRDA:243,28,0,1
BRDA:243,28,1,3
BRDA:246,29,0,1
BRDA:246,29,1,2
BRDA:252,30,0,0
BRDA:252,30,1,2
BRDA:255,31,0,0
BRDA:255,31,1,2
BRDA:258,32,0,0
BRDA:258,32,1,2
BRDA:261,33,0,0
BRDA:261,33,1,2
BRDA:264,34,0,0
BRDA:264,34,1,2
BRDA:289,35,0,0
BRDA:291,36,0,0
BRDA:292,37,0,0
BRDA:293,38,0,0
BRDA:294,39,0,0
BRDA:295,40,0,0
BRDA:296,41,0,0
BRDA:297,42,0,0
BRDA:299,43,0,0
BRDA:299,43,1,0
BRDA:302,44,0,0
BRDA:302,44,1,0
BRDA:305,45,0,0
BRDA:305,45,1,0
BRDA:308,46,0,0
BRDA:308,46,1,0
BRDA:314,47,0,0
BRDA:314,47,1,0
BRDA:315,48,0,0
BRDA:315,48,1,0
BRDA:316,49,0,0
BRDA:316,49,1,0
BRDA:317,50,0,0
BRDA:317,50,1,0
BRDA:318,51,0,0
BRDA:318,51,1,0
BRDA:344,52,0,5
BRDA:345,53,0,5
BRDA:346,54,0,5
BRDA:348,55,0,1
BRDA:348,55,1,4
BRDA:351,56,0,1
BRDA:351,56,1,3
BRDA:354,57,0,1
BRDA:354,57,1,2
BRDA:361,58,0,0
BRDA:361,58,1,2
BRDA:386,59,0,0
BRDA:388,60,0,0
BRDA:389,61,0,0
BRDA:390,62,0,0
BRDA:392,63,0,0
BRDA:392,63,1,0
BRDA:395,64,0,0
BRDA:395,64,1,0
BRDA:398,65,0,0
BRDA:398,65,1,0
BRDA:401,66,0,0
BRDA:401,66,1,0
BRDA:407,67,0,0
BRDA:407,67,1,0
BRDA:424,68,0,2
BRDA:424,68,1,6
BRDA:427,69,0,2
BRDA:427,69,1,4
BRDA:459,70,0,4
BRDA:460,71,0,2
BRDA:460,71,1,6
BRDA:463,72,0,2
BRDA:463,72,1,4
BRDA:496,73,0,4
BRDA:497,74,0,2
BRDA:497,74,1,6
BRDA:500,75,0,2
BRDA:500,75,1,4
BRDA:543,76,0,4
BRDA:544,77,0,1
BRDA:563,78,0,0
BRDA:564,79,0,0
BRDA:575,80,0,0
BRDA:576,81,0,4
BRDA:578,82,0,0
BRDA:579,83,0,0
BRDA:581,84,0,1
BRDA:581,84,1,3
BRDA:584,85,0,1
BRDA:584,85,1,2
BRDA:584,86,0,3
BRDA:584,86,1,1
BRDA:588,87,0,0
BRDA:588,87,1,2
BRDA:600,88,0,2
BRDA:600,88,1,0
BRDA:602,89,0,0
BRDA:602,89,1,0
BRDA:640,90,0,0
BRDA:641,91,0,4
BRDA:643,92,0,1
BRDA:643,92,1,3
BRDA:646,93,0,1
BRDA:646,93,1,2
BRDA:646,94,0,3
BRDA:646,94,1,1
BRDA:656,95,0,2
BRDA:656,95,1,0
BRDA:658,96,0,0
BRDA:658,96,1,0
BRDA:680,97,0,0
BRDA:681,98,0,0
BRDA:682,99,0,0
BRDA:685,100,0,0
BRDA:685,100,1,0
BRDA:688,101,0,0
BRDA:688,101,1,0
BRF:166
BRH:97
end_of_record
